<?xml version="1.0" encoding="UTF-8"?>
<testsuite name="vats.project.premier.PremierApplicationTests" tests="1" skipped="0" failures="0" errors="0" timestamp="2020-12-01T13:46:01" hostname="DESKTOP-U5H1NSB" time="0.5">
  <properties/>
  <testcase name="contextLoads()" classname="vats.project.premier.PremierApplicationTests" time="0.5"/>
  <system-out><![CDATA[07:45:58.949 [Test worker] DEBUG org.springframework.test.context.BootstrapUtils - Instantiating CacheAwareContextLoaderDelegate from class [org.springframework.test.context.cache.DefaultCacheAwareContextLoaderDelegate]
07:45:58.965 [Test worker] DEBUG org.springframework.test.context.BootstrapUtils - Instantiating BootstrapContext using constructor [public org.springframework.test.context.support.DefaultBootstrapContext(java.lang.Class,org.springframework.test.context.CacheAwareContextLoaderDelegate)]
07:45:59.012 [Test worker] DEBUG org.springframework.test.context.BootstrapUtils - Instantiating TestContextBootstrapper for test class [vats.project.premier.PremierApplicationTests] from class [org.springframework.boot.test.context.SpringBootTestContextBootstrapper]
07:45:59.027 [Test worker] INFO org.springframework.boot.test.context.SpringBootTestContextBootstrapper - Neither @ContextConfiguration nor @ContextHierarchy found for test class [vats.project.premier.PremierApplicationTests], using SpringBootContextLoader
07:45:59.027 [Test worker] DEBUG org.springframework.test.context.support.AbstractContextLoader - Did not detect default resource location for test class [vats.project.premier.PremierApplicationTests]: class path resource [vats/project/premier/PremierApplicationTests-context.xml] does not exist
07:45:59.027 [Test worker] DEBUG org.springframework.test.context.support.AbstractContextLoader - Did not detect default resource location for test class [vats.project.premier.PremierApplicationTests]: class path resource [vats/project/premier/PremierApplicationTestsContext.groovy] does not exist
07:45:59.027 [Test worker] INFO org.springframework.test.context.support.AbstractContextLoader - Could not detect default resource locations for test class [vats.project.premier.PremierApplicationTests]: no resource found for suffixes {-context.xml, Context.groovy}.
07:45:59.027 [Test worker] INFO org.springframework.test.context.support.AnnotationConfigContextLoaderUtils - Could not detect default configuration classes for test class [vats.project.premier.PremierApplicationTests]: PremierApplicationTests does not declare any static, non-private, non-final, nested classes annotated with @Configuration.
07:45:59.074 [Test worker] DEBUG org.springframework.test.context.support.ActiveProfilesUtils - Could not find an 'annotation declaring class' for annotation type [org.springframework.test.context.ActiveProfiles] and class [vats.project.premier.PremierApplicationTests]
07:45:59.168 [Test worker] DEBUG org.springframework.context.annotation.ClassPathScanningCandidateComponentProvider - Identified candidate component class: file [C:\Users\anika\Desktop\VATS project\team-chris-massie\build\classes\java\main\vats\project\premier\PremierApplication.class]
07:45:59.168 [Test worker] INFO org.springframework.boot.test.context.SpringBootTestContextBootstrapper - Found @SpringBootConfiguration vats.project.premier.PremierApplication for test class vats.project.premier.PremierApplicationTests
07:45:59.293 [Test worker] DEBUG org.springframework.boot.test.context.SpringBootTestContextBootstrapper - @TestExecutionListeners is not present for class [vats.project.premier.PremierApplicationTests]: using defaults.
07:45:59.293 [Test worker] INFO org.springframework.boot.test.context.SpringBootTestContextBootstrapper - Loaded default TestExecutionListener class names from location [META-INF/spring.factories]: [org.springframework.boot.test.autoconfigure.restdocs.RestDocsTestExecutionListener, org.springframework.boot.test.autoconfigure.web.client.MockRestServiceServerResetTestExecutionListener, org.springframework.boot.test.autoconfigure.web.servlet.MockMvcPrintOnlyOnFailureTestExecutionListener, org.springframework.boot.test.autoconfigure.web.servlet.WebDriverTestExecutionListener, org.springframework.boot.test.autoconfigure.webservices.client.MockWebServiceServerTestExecutionListener, org.springframework.boot.test.mock.mockito.MockitoTestExecutionListener, org.springframework.boot.test.mock.mockito.ResetMocksTestExecutionListener, org.springframework.test.context.web.ServletTestExecutionListener, org.springframework.test.context.support.DirtiesContextBeforeModesTestExecutionListener, org.springframework.test.context.support.DependencyInjectionTestExecutionListener, org.springframework.test.context.support.DirtiesContextTestExecutionListener, org.springframework.test.context.transaction.TransactionalTestExecutionListener, org.springframework.test.context.jdbc.SqlScriptsTestExecutionListener, org.springframework.test.context.event.EventPublishingTestExecutionListener]
07:45:59.324 [Test worker] DEBUG org.springframework.boot.test.context.SpringBootTestContextBootstrapper - Skipping candidate TestExecutionListener [org.springframework.test.context.transaction.TransactionalTestExecutionListener] due to a missing dependency. Specify custom listener classes or make the default listener classes and their required dependencies available. Offending class: [org/springframework/transaction/interceptor/TransactionAttributeSource]
07:45:59.324 [Test worker] DEBUG org.springframework.boot.test.context.SpringBootTestContextBootstrapper - Skipping candidate TestExecutionListener [org.springframework.test.context.jdbc.SqlScriptsTestExecutionListener] due to a missing dependency. Specify custom listener classes or make the default listener classes and their required dependencies available. Offending class: [org/springframework/transaction/interceptor/TransactionAttribute]
07:45:59.324 [Test worker] INFO org.springframework.boot.test.context.SpringBootTestContextBootstrapper - Using TestExecutionListeners: [org.springframework.test.context.web.ServletTestExecutionListener@7e94ea3b, org.springframework.test.context.support.DirtiesContextBeforeModesTestExecutionListener@75742de2, org.springframework.boot.test.mock.mockito.MockitoTestExecutionListener@4ae3e461, org.springframework.boot.test.autoconfigure.SpringBootDependencyInjectionTestExecutionListener@431ab333, org.springframework.test.context.support.DirtiesContextTestExecutionListener@1a064c59, org.springframework.test.context.event.EventPublishingTestExecutionListener@4ec979c6, org.springframework.boot.test.autoconfigure.restdocs.RestDocsTestExecutionListener@1bdc5c92, org.springframework.boot.test.autoconfigure.web.client.MockRestServiceServerResetTestExecutionListener@dc9e7f1, org.springframework.boot.test.autoconfigure.web.servlet.MockMvcPrintOnlyOnFailureTestExecutionListener@25050695, org.springframework.boot.test.autoconfigure.web.servlet.WebDriverTestExecutionListener@20075cba, org.springframework.boot.test.autoconfigure.webservices.client.MockWebServiceServerTestExecutionListener@5946bce4, org.springframework.boot.test.mock.mockito.ResetMocksTestExecutionListener@1bf23e52]
07:45:59.324 [Test worker] DEBUG org.springframework.test.context.support.AbstractDirtiesContextTestExecutionListener - Before test class: context [DefaultTestContext@7f237820 testClass = PremierApplicationTests, testInstance = [null], testMethod = [null], testException = [null], mergedContextConfiguration = [WebMergedContextConfiguration@7d96f5e4 testClass = PremierApplicationTests, locations = '{}', classes = '{class vats.project.premier.PremierApplication}', contextInitializerClasses = '[]', activeProfiles = '{}', propertySourceLocations = '{}', propertySourceProperties = '{org.springframework.boot.test.context.SpringBootTestContextBootstrapper=true}', contextCustomizers = set[org.springframework.boot.test.autoconfigure.actuate.metrics.MetricsExportContextCustomizerFactory$DisableMetricExportContextCustomizer@423eb9a7, org.springframework.boot.test.autoconfigure.properties.PropertyMappingContextCustomizer@0, org.springframework.boot.test.autoconfigure.web.servlet.WebDriverContextCustomizerFactory$Customizer@18b1d263, org.springframework.boot.test.context.filter.ExcludeFilterContextCustomizer@23452447, org.springframework.boot.test.json.DuplicateJsonObjectContextCustomizerFactory$DuplicateJsonObjectContextCustomizer@1bbd826c, org.springframework.boot.test.mock.mockito.MockitoContextCustomizer@0, org.springframework.boot.test.web.client.TestRestTemplateContextCustomizer@433899ff, org.springframework.boot.test.web.reactive.server.WebTestClientContextCustomizer@5b1ee944, org.springframework.boot.test.context.SpringBootTestArgs@1, org.springframework.boot.test.context.SpringBootTestWebEnvironment@3fa9e189], resourceBasePath = 'src/main/webapp', contextLoader = 'org.springframework.boot.test.context.SpringBootContextLoader', parent = [null]], attributes = map['org.springframework.test.context.web.ServletTestExecutionListener.activateListener' -> true]], class annotated with @DirtiesContext [false] with mode [null].
07:45:59.371 [Test worker] DEBUG org.springframework.test.context.support.TestPropertySourceUtils - Adding inlined properties to environment: {spring.jmx.enabled=false, org.springframework.boot.test.context.SpringBootTestContextBootstrapper=true}

  .   ____          _            __ _ _
 /\\ / ___'_ __ _ _(_)_ __  __ _ \ \ \ \
( ( )\___ | '_ | '_| | '_ \/ _` | \ \ \ \
 \\/  ___)| |_)| | | | | || (_| |  ) ) ) )
  '  |____| .__|_| |_|_| |_\__, | / / / /
 =========|_|==============|___/=/_/_/_/
 :: Spring Boot ::                (v2.4.0)

2020-12-01 07:45:59.671  INFO 7548 --- [    Test worker] v.p.premier.PremierApplicationTests      : Starting PremierApplicationTests using Java 13.0.2 on DESKTOP-U5H1NSB with PID 7548 (started by anika in C:\Users\anika\Desktop\VATS project\team-chris-massie)
2020-12-01 07:45:59.687  INFO 7548 --- [    Test worker] v.p.premier.PremierApplicationTests      : No active profile set, falling back to default profiles: default
2020-12-01 07:46:01.185  INFO 7548 --- [    Test worker] o.s.s.concurrent.ThreadPoolTaskExecutor  : Initializing ExecutorService 'applicationTaskExecutor'
2020-12-01 07:46:01.582  INFO 7548 --- [    Test worker] v.p.premier.PremierApplicationTests      : Started PremierApplicationTests in 2.185 seconds (JVM running for 3.732)
]]></system-out>
  <system-err><![CDATA[]]></system-err>
</testsuite>
